* using log directory 'C:/Projects/Rcan/Rcan.Rcheck'
* using R version 3.3.1 (2016-06-21)
* using platform: x86_64-w64-mingw32 (64-bit)
* using session charset: ISO8859-1
* checking for file 'Rcan/DESCRIPTION' ... OK
* this is package 'Rcan' version '1.3.0'
* checking package namespace information ... OK
* checking package dependencies ... OK
* checking if this is a source package ... OK
* checking if there is a namespace ... OK
* checking for executable files ... OK
* checking for hidden files and directories ... OK
* checking for portable file names ... OK
* checking whether package 'Rcan' can be installed ... OK
* checking package directory ... OK
* checking DESCRIPTION meta-information ... OK
* checking top-level files ... OK
* checking for left-over files ... OK
* checking index information ... OK
* checking package subdirectories ... OK
* checking R files for non-ASCII characters ... OK
* checking R files for syntax errors ... OK
* checking whether the package can be loaded ... OK
* checking whether the package can be loaded with stated dependencies ... OK
* checking whether the package can be unloaded cleanly ... OK
* checking whether the namespace can be loaded with stated dependencies ... OK
* checking whether the namespace can be unloaded cleanly ... OK
* checking loading without being on the library search path ... OK
* checking dependencies in R code ... OK
* checking S3 generic/method consistency ... OK
* checking replacement functions ... OK
* checking foreign function calls ... OK
* checking R code for possible problems ... NOTE
csu_ageSpecific: no visible binding for global variable 'CSU_C'
csu_ageSpecific: no visible binding for global variable 'CSU_P'
csu_ageSpecific: no visible binding for global variable 'CSU_A'
csu_ageSpecific: no visible binding for global variable 'nb_age_group'
csu_ageSpecific: no visible binding for global variable
  'CSU_age_factor'
csu_ageSpecific: no visible binding for global variable 'rate'
csu_ageSpecific: no visible binding for global variable 'CSU_BY'
csu_asr: no visible binding for global variable 'CSU_A'
csu_asr: no visible binding for global variable 'CSU_P'
csu_asr: no visible binding for global variable 'total'
csu_asr: no visible binding for global variable 'CSU_C'
csu_asr: no visible binding for global variable 'total_known'
csu_asr: no visible binding for global variable 'correction'
csu_asr: no visible binding for global variable 'age_factor'
csu_asr: no visible binding for global variable 'nb_age_group'
csu_asr: no visible binding for global variable 'rate'
csu_asr: no visible binding for global variable 'asr'
csu_asr: no visible binding for global variable 'st_err'
csu_eapc: no visible binding for global variable 'id_group'
csu_eapc: no visible binding for global variable 'CSU_EAPC'
csu_eapc: no visible binding for global variable 'CSU_ST'
csu_eapc: no visible binding for global variable 'CSU_UP'
csu_eapc: no visible binding for global variable 'CSU_LOW'
csu_trend: no visible binding for global variable 'CSU_T'
csu_trend: no visible binding for global variable 'CSU_BY'
csu_trend: no visible binding for global variable 'max_year'
csu_trend: no visible binding for global variable 'CSU_Y'
csu_trendCohortPeriod: no visible binding for global variable 'CSU_C'
csu_trendCohortPeriod: no visible binding for global variable 'CSU_P'
csu_trendCohortPeriod: no visible binding for global variable 'CSU_Y'
csu_trendCohortPeriod: no visible binding for global variable
  'nb_age_group'
csu_trendCohortPeriod: no visible binding for global variable
  'CSU_age_factor'
csu_trendCohortPeriod: no visible binding for global variable
  'temp_age'
csu_trendCohortPeriod: no visible binding for global variable
  'CSU_age_label'
csu_trendCohortPeriod: no visible binding for global variable
  'CSU_cohort'
csu_trendCohortPeriod: no visible binding for global variable
  'CSU_rate'
csu_trendCohortPeriod: no visible binding for global variable
  'CSU_Xaxes'
csu_trendCohortPeriod: no visible binding for global variable
  'temp_label'
csu_trendCohortPeriod: no visible binding for global variable
  'temp_label2'
Undefined global functions or variables:
  CSU_A CSU_BY CSU_C CSU_EAPC CSU_LOW CSU_P CSU_ST CSU_T CSU_UP
  CSU_Xaxes CSU_Y CSU_age_factor CSU_age_label CSU_cohort CSU_rate
  age_factor asr correction id_group max_year nb_age_group rate st_err
  temp_age temp_label temp_label2 total total_known
* checking Rd files ... OK
* checking Rd metadata ... OK
* checking Rd cross-references ... OK
* checking for missing documentation entries ... OK
* checking for code/documentation mismatches ... OK
* checking Rd \usage sections ... OK
* checking Rd contents ... OK
* checking for unstated dependencies in examples ... OK
* checking contents of 'data' directory ... OK
* checking data for non-ASCII characters ... OK
* checking data for ASCII and uncompressed saves ... OK
* checking examples ... OK
* checking PDF version of manual ... OK
* DONE
Status: 1 NOTE
